15:52:25.651 [main] INFO   -

-------------------------------------------------------------------------------------
     _______. _______ .______       _______ .__   __.  __  .___________.____    ____
    /       ||   ____||   _  \     |   ____||  \ |  | |  | |           |\   \  /   /
   |   (----`|  |__   |  |_)  |    |  |__   |   \|  | |  | `---|  |----` \   \/   /
    \   \    |   __|  |      /     |   __|  |  . `  | |  |     |  |       \_    _/
.----)   |   |  |____ |  |\  \----.|  |____ |  |\   | |  |     |  |         |  |
|_______/    |_______|| _| `._____||_______||__| \__| |__|     |__|         |__|

 News and tutorials at http://www.serenity-bdd.info
 Documentation at https://wakaleo.gitbooks.io/the-serenity-book/content/
 Join the Serenity Community on Gitter: https://gitter.im/serenity-bdd/serenity-core
 Serenity BDD Support and Training at http://serenity-bdd.info/#/trainingandsupport
-------------------------------------------------------------------------------------

15:52:25.662 [main] INFO   - Test Suite Started: e2e test for search functionality.
15:52:26.655 [main] INFO   -
  _____   ___   ___   _____     ___   _____     _     ___   _____   ___   ___
 |_   _| | __| / __| |_   _|   / __| |_   _|   /_\   | _ \ |_   _| | __| |   \
   | |   | _|  \__ \   | |     \__ \   | |    / _ \  |   /   | |   | _|  | |) |
   |_|   |___| |___/   |_|     |___/   |_|   /_/ \_\ |_|_\   |_|   |___| |___/

ui and api testing scenario for Search with known keyword(e2e-test-for-search-functionality.;ui-and-api-testing-scenario-for-search-with-known-keyword)
--------------------------------------------------------------------------------
15:52:27.838 [main] INFO  n.s.c.w.d.ChromeDriverProvider - Using automatically driver download
15:52:29.596 [main] INFO  i.g.bonigarcia.wdm.WebDriverManager - Using chromedriver 96.0.4664.45 (resolved driver for Chrome 96)
15:52:29.605 [main] INFO  i.g.bonigarcia.wdm.WebDriverManager - Exporting webdriver.chrome.driver as C:\Users\Kadir KAYA\.cache\selenium\chromedriver\win32\96.0.4664.45\chromedriver.exe
15:53:02.990 [main] INFO  s.SearchStepDefinitions - last response: 200
15:53:03.128 [main] INFO  s.SearchStepDefinitions - resultList: 0
15:53:03.525 [main] INFO   -
  _____   ___   ___   _____     ___     _     ___   ___   ___   ___
 |_   _| | __| / __| |_   _|   | _ \   /_\   / __| / __| | __| |   \
   | |   | _|  \__ \   | |     |  _/  / _ \  \__ \ \__ \ | _|  | |) |
   |_|   |___| |___/   |_|     |_|   /_/ \_\ |___/ |___/ |___| |___/

ui and api testing scenario for Search with known keyword
----------------------------------------------------------------------